<?xml version="1.0" encoding="UTF-8"?>
<!-- Generated by org.testng.reporters.JUnitReportReporter -->
<testsuite hostname="DESKTOP-15R3KD4" failures="0" tests="8" name="TestProject3" time="12.575" errors="0" timestamp="2024-06-10T19:39:12 EET" skipped="0">
  <testcase classname="TestProject3" name="Login" time="0.184"/>
  <system-out/>
  <testcase classname="TestProject3" name="TestTitle" time="0.030"/>
  <system-out/>
  <testcase classname="TestProject3" name="TestSortFromeLowtohigh" time="2.071"/>
  <system-out/>
  <testcase classname="TestProject3" name="VerifiyLowestPrice" time="2.027"/>
  <system-out/>
  <testcase classname="TestProject3" name="DropList" time="2.069"/>
  <system-out/>
  <testcase classname="TestProject3" name="SortNameZtoA" time="2.063"/>
  <system-out/>
  <testcase classname="TestProject3" name="SortPriceltoh" time="2.066"/>
  <system-out/>
  <testcase classname="TestProject3" name="SortPricehtol" time="2.065"/>
  <system-out/>
</testsuite> <!-- TestProject3 -->
