<?xml version="1.0" encoding="UTF-8"?>
<!-- Generated by org.testng.reporters.JUnitReportReporter -->
<testsuite hostname="DESKTOP-15R3KD4" failures="0" tests="3" name="MyTestCases" time="1.264" errors="0" timestamp="2024-06-02T19:58:12 EET" skipped="0">
  <testcase classname="MyTestCases" name="Login" time="0.164"/>
  <system-out/>
  <testcase classname="MyTestCases" name="verifiyTheWordProductIsThere" time="0.022"/>
  <system-out/>
  <testcase classname="MyTestCases" name="SortingItems" time="1.078"/>
  <system-out/>
</testsuite> <!-- MyTestCases -->
